# JRE version: OpenJDK Runtime Environment (8.0_152-b02) (build 1.8.0_152-release-1024-b02)
# Java VM: OpenJDK 64-Bit Server VM (25.152-b02 mixed mode windows-amd64 compressed oops)
Heap:
 PSYoungGen      total 352768K, used 225341K [0x00000000e0000000, 0x00000000ff900000, 0x0000000100000000)
  eden space 336896K, 62% used [0x00000000e0000000,0x00000000eccbd678,0x00000000f4900000)
  from space 15872K, 98% used [0x00000000f4900000,0x00000000f5852018,0x00000000f5880000)
  to   space 89088K, 0% used [0x00000000fa200000,0x00000000fa200000,0x00000000ff900000)
 ParOldGen       total 169472K, used 107754K [0x00000000a0000000, 0x00000000aa580000, 0x00000000e0000000)
  object space 169472K, 63% used [0x00000000a0000000,0x00000000a693a8c0,0x00000000aa580000)
 Metaspace       used 83384K, capacity 87133K, committed 87296K, reserved 1124352K
  class space    used 10785K, capacity 11520K, committed 11520K, reserved 1048576K
GC Heap History (10 events):
Event: 267.391 GC heap before
{Heap before GC invocations=26 (full 5):
 PSYoungGen      total 307200K, used 264138K [0x00000000e0000000, 0x00000000f6f00000, 0x0000000100000000)
  eden space 253952K, 99% used [0x00000000e0000000,0x00000000ef7dd1c0,0x00000000ef800000)
  from space 53248K, 19% used [0x00000000f3b00000,0x00000000f45156f8,0x00000000f6f00000)
  to   space 60928K, 0% used [0x00000000ef800000,0x00000000ef800000,0x00000000f3380000)
 ParOldGen       total 169472K, used 51942K [0x00000000a0000000, 0x00000000aa580000, 0x00000000e0000000)
  object space 169472K, 30% used [0x00000000a0000000,0x00000000a32b9970,0x00000000aa580000)
 Metaspace       used 81896K, capacity 85273K, committed 85376K, reserved 1124352K
  class space    used 10669K, capacity 11334K, committed 11392K, reserved 1048576K
Event: 267.416 GC heap after
Heap after GC invocations=26 (full 5):
 PSYoungGen      total 314880K, used 9458K [0x00000000e0000000, 0x00000000f8b00000, 0x0000000100000000)
  eden space 253952K, 0% used [0x00000000e0000000,0x00000000e0000000,0x00000000ef800000)
  from space 60928K, 15% used [0x00000000ef800000,0x00000000f013c868,0x00000000f3380000)
  to   space 58880K, 0% used [0x00000000f5180000,0x00000000f5180000,0x00000000f8b00000)
 ParOldGen       total 169472K, used 51950K [0x00000000a0000000, 0x00000000aa580000, 0x00000000e0000000)
  object space 169472K, 30% used [0x00000000a0000000,0x00000000a32bb970,0x00000000aa580000)
 Metaspace       used 81896K, capacity 85273K, committed 85376K, reserved 1124352K
  class space    used 10669K, capacity 11334K, committed 11392K, reserved 1048576K
}
Event: 269.291 GC heap before
{Heap before GC invocations=27 (full 5):
 PSYoungGen      total 314880K, used 263410K [0x00000000e0000000, 0x00000000f8b00000, 0x0000000100000000)
  eden space 253952K, 100% used [0x00000000e0000000,0x00000000ef800000,0x00000000ef800000)
  from space 60928K, 15% used [0x00000000ef800000,0x00000000f013c868,0x00000000f3380000)
  to   space 58880K, 0% used [0x00000000f5180000,0x00000000f5180000,0x00000000f8b00000)
 ParOldGen       total 169472K, used 51950K [0x00000000a0000000, 0x00000000aa580000, 0x00000000e0000000)
  object space 169472K, 30% used [0x00000000a0000000,0x00000000a32bb970,0x00000000aa580000)
 Metaspace       used 81936K, capacity 85277K, committed 85376K, reserved 1124352K
  class space    used 10669K, capacity 11334K, committed 11392K, reserved 1048576K
Event: 269.544 GC heap after
Heap after GC invocations=27 (full 5):
 PSYoungGen      total 327680K, used 58866K [0x00000000e0000000, 0x00000000fc500000, 0x0000000100000000)
  eden space 268800K, 0% used [0x00000000e0000000,0x00000000e0000000,0x00000000f0680000)
  from space 58880K, 99% used [0x00000000f5180000,0x00000000f8afca18,0x00000000f8b00000)
  to   space 76800K, 0% used [0x00000000f0680000,0x00000000f0680000,0x00000000f5180000)
 ParOldGen       total 169472K, used 71803K [0x00000000a0000000, 0x00000000aa580000, 0x00000000e0000000)
  object space 169472K, 42% used [0x00000000a0000000,0x00000000a461edc0,0x00000000aa580000)
 Metaspace       used 81936K, capacity 85277K, committed 85376K, reserved 1124352K
  class space    used 10669K, capacity 11334K, committed 11392K, reserved 1048576K
}
Event: 271.545 GC heap before
{Heap before GC invocations=28 (full 5):
 PSYoungGen      total 327680K, used 327666K [0x00000000e0000000, 0x00000000fc500000, 0x0000000100000000)
  eden space 268800K, 100% used [0x00000000e0000000,0x00000000f0680000,0x00000000f0680000)
  from space 58880K, 99% used [0x00000000f5180000,0x00000000f8afca18,0x00000000f8b00000)
  to   space 76800K, 0% used [0x00000000f0680000,0x00000000f0680000,0x00000000f5180000)
 ParOldGen       total 169472K, used 71803K [0x00000000a0000000, 0x00000000aa580000, 0x00000000e0000000)
  object space 169472K, 42% used [0x00000000a0000000,0x00000000a461edc0,0x00000000aa580000)
 Metaspace       used 81969K, capacity 85289K, committed 85376K, reserved 1124352K
  class space    used 10672K, capacity 11338K, committed 11392K, reserved 1048576K
Event: 271.835 GC heap after
Heap after GC invocations=28 (full 5):
 PSYoungGen      total 345600K, used 76784K [0x00000000e0000000, 0x0000000100000000, 0x0000000100000000)
  eden space 268800K, 0% used [0x00000000e0000000,0x00000000e0000000,0x00000000f0680000)
  from space 76800K, 99% used [0x00000000f0680000,0x00000000f517c130,0x00000000f5180000)
  to   space 95232K, 0% used [0x00000000fa300000,0x00000000fa300000,0x0000000100000000)
 ParOldGen       total 169472K, used 83744K [0x00000000a0000000, 0x00000000aa580000, 0x00000000e0000000)
  object space 169472K, 49% used [0x00000000a0000000,0x00000000a51c8140,0x00000000aa580000)
 Metaspace       used 81969K, capacity 85289K, committed 85376K, reserved 1124352K
  class space    used 10672K, capacity 11338K, committed 11392K, reserved 1048576K
}
Event: 274.003 GC heap before
{Heap before GC invocations=29 (full 5):
 PSYoungGen      total 345600K, used 344757K [0x00000000e0000000, 0x0000000100000000, 0x0000000100000000)
  eden space 268800K, 99% used [0x00000000e0000000,0x00000000f05b1640,0x00000000f0680000)
  from space 76800K, 99% used [0x00000000f0680000,0x00000000f517c130,0x00000000f5180000)
  to   space 95232K, 0% used [0x00000000fa300000,0x00000000fa300000,0x0000000100000000)
 ParOldGen       total 169472K, used 83744K [0x00000000a0000000, 0x00000000aa580000, 0x00000000e0000000)
  object space 169472K, 49% used [0x00000000a0000000,0x00000000a51c8140,0x00000000aa580000)
 Metaspace       used 82429K, capacity 85809K, committed 86016K, reserved 1124352K
  class space    used 10710K, capacity 11416K, committed 11520K, reserved 1048576K
Event: 274.128 GC heap after
Heap after GC invocations=29 (full 5):
 PSYoungGen      total 430080K, used 39820K [0x00000000e0000000, 0x00000000ffe00000, 0x0000000100000000)
  eden space 336896K, 0% used [0x00000000e0000000,0x00000000e0000000,0x00000000f4900000)
  from space 93184K, 42% used [0x00000000fa300000,0x00000000fc9e3278,0x00000000ffe00000)
  to   space 92160K, 0% used [0x00000000f4900000,0x00000000f4900000,0x00000000fa300000)
 ParOldGen       total 169472K, used 92009K [0x00000000a0000000, 0x00000000aa580000, 0x00000000e0000000)
  object space 169472K, 54% used [0x00000000a0000000,0x00000000a59da618,0x00000000aa580000)
 Metaspace       used 82429K, capacity 85809K, committed 86016K, reserved 1124352K
  class space    used 10710K, capacity 11416K, committed 11520K, reserved 1048576K
}
Event: 276.529 GC heap before
{Heap before GC invocations=30 (full 5):
 PSYoungGen      total 430080K, used 376716K [0x00000000e0000000, 0x00000000ffe00000, 0x0000000100000000)
  eden space 336896K, 100% used [0x00000000e0000000,0x00000000f4900000,0x00000000f4900000)
  from space 93184K, 42% used [0x00000000fa300000,0x00000000fc9e3278,0x00000000ffe00000)
  to   space 92160K, 0% used [0x00000000f4900000,0x00000000f4900000,0x00000000fa300000)
 ParOldGen       total 169472K, used 92009K [0x00000000a0000000, 0x00000000aa580000, 0x00000000e0000000)
  object space 169472K, 54% used [0x00000000a0000000,0x00000000a59da618,0x00000000aa580000)
 Metaspace       used 82584K, capacity 86015K, committed 86272K, reserved 1124352K
  class space    used 10727K, capacity 11417K, committed 11520K, reserved 1048576K
Event: 277.216 GC heap after
Heap after GC invocations=30 (full 5):
 PSYoungGen      total 352768K, used 15688K [0x00000000e0000000, 0x00000000ff900000, 0x0000000100000000)
  eden space 336896K, 0% used [0x00000000e0000000,0x00000000e0000000,0x00000000f4900000)
  from space 15872K, 98% used [0x00000000f4900000,0x00000000f5852018,0x00000000f5880000)
  to   space 89088K, 0% used [0x00000000fa200000,0x00000000fa200000,0x00000000ff900000)
 ParOldGen       total 169472K, used 107754K [0x00000000a0000000, 0x00000000aa580000, 0x00000000e0000000)
  object space 169472K, 63% used [0x00000000a0000000,0x00000000a693a8c0,0x00000000aa580000)
 Metaspace       used 82584K, capacity 86015K, committed 86272K, reserved 1124352K
  class space    used 10727K, capacity 11417K, committed 11520K, reserved 1048576K
}

